<?xml version="1.0" encoding="UTF-8"?>
<!-- Generated by org.testng.reporters.JUnitXMLReporter -->
<testsuite ignored="1" hostname="APPLEs-MacBook-Air.local" failures="0" tests="3" name="Regression-Tests" time="0.079" errors="0" timestamp="2025-08-16T17:53:56 IST">
  <testcase classname="test_ng.GroupsDemo" name="testcase1" time="0.001"/>
  <testcase classname="test_ng.GroupsDemo" name="testcase2" time="0.016"/>
  <testcase classname="test_ng.GroupsDemo" name="testcase4" time="0.006"/>
  <testcase classname="test_ng.GroupsDemo" name="testcase3" time="0.0">
    <ignored/>
  </testcase> <!-- testcase3 -->
</testsuite> <!-- Regression-Tests -->
