<?xml version="1.0" encoding="UTF-8"?>
<!-- Generated by org.testng.reporters.JUnitXMLReporter -->
<testsuite ignored="2" hostname="APPLEs-MacBook-Air.local" failures="0" tests="2" name="Sanity-Tests" time="0.152" errors="0" timestamp="2025-08-16T17:53:56 IST">
  <testcase classname="test_ng.GroupsDemo" name="testcase1" time="0.023"/>
  <testcase classname="test_ng.GroupsDemo" name="testcase3" time="0.002"/>
  <testcase classname="test_ng.GroupsDemo" name="testcase2" time="0.0">
    <ignored/>
  </testcase> <!-- testcase2 -->
  <testcase classname="test_ng.GroupsDemo" name="testcase4" time="0.0">
    <ignored/>
  </testcase> <!-- testcase4 -->
</testsuite> <!-- Sanity-Tests -->
