<?xml version="1.0" encoding="UTF-8"?>
<testng-results ignored="0" total="2" passed="2" failed="0" skipped="0">
  <reporter-output>
  </reporter-output>
  <suite started-at="2025-08-25T17:16:05 IST" name="FormAutomationSuite" finished-at="2025-08-25T17:17:37 IST" duration-ms="91952">
    <groups>
      <group name="cucumber">
        <method signature="AbstractTestNGCucumberTests.runScenario(io.cucumber.testng.PickleWrapper,io.cucumber.testng.FeatureWrapper)[pri:0, instance:runner.demotestrun2@7c1e2a9e]" name="runScenario" class="io.cucumber.testng.AbstractTestNGCucumberTests"/>
      </group> <!-- cucumber -->
    </groups>
    <test started-at="2025-08-25T17:16:05 IST" name="Form Automation Tests" finished-at="2025-08-25T17:17:37 IST" duration-ms="91952">
      <class name="runner.demotestrun2">
        <test-method is-config="true" signature="setUpClass(org.testng.ITestContext)[pri:0, instance:runner.demotestrun2@7c1e2a9e]" started-at="2025-08-25T17:16:05 IST" name="setUpClass" finished-at="2025-08-25T17:16:07 IST" duration-ms="1868" status="PASS">
          <params>
            <param index="0">
              <value>
                <![CDATA[org.testng.TestRunner@18463720]]>
              </value>
            </param>
          </params>
          <reporter-output>
          </reporter-output>
        </test-method> <!-- setUpClass -->
        <test-method signature="runScenario(io.cucumber.testng.PickleWrapper,io.cucumber.testng.FeatureWrapper)[pri:0, instance:runner.demotestrun2@7c1e2a9e]" started-at="2025-08-25T17:16:07 IST" name="runScenario" description="Runs Cucumber Scenarios" data-provider="scenarios" finished-at="2025-08-25T17:16:49 IST" duration-ms="41953" status="PASS">
          <params>
            <param index="0">
              <value>
                <![CDATA["Verify registration form with multiple sets of data"]]>
              </value>
            </param>
            <param index="1">
              <value>
                <![CDATA["Registration functionality"]]>
              </value>
            </param>
          </params>
          <reporter-output>
          </reporter-output>
        </test-method> <!-- runScenario -->
        <test-method signature="runScenario(io.cucumber.testng.PickleWrapper,io.cucumber.testng.FeatureWrapper)[pri:0, instance:runner.demotestrun2@7c1e2a9e]" started-at="2025-08-25T17:16:49 IST" name="runScenario" description="Runs Cucumber Scenarios" data-provider="scenarios" finished-at="2025-08-25T17:17:30 IST" duration-ms="41405" status="PASS">
          <params>
            <param index="0">
              <value>
                <![CDATA["Verify registration form with multiple sets of data"]]>
              </value>
            </param>
            <param index="1">
              <value>
                <![CDATA["Registration functionality"]]>
              </value>
            </param>
          </params>
          <reporter-output>
          </reporter-output>
        </test-method> <!-- runScenario -->
        <test-method is-config="true" signature="tearDownClass()[pri:0, instance:runner.demotestrun2@7c1e2a9e]" started-at="2025-08-25T17:17:30 IST" name="tearDownClass" finished-at="2025-08-25T17:17:37 IST" duration-ms="6632" status="PASS">
          <reporter-output>
          </reporter-output>
        </test-method> <!-- tearDownClass -->
      </class> <!-- runner.demotestrun2 -->
    </test> <!-- Form Automation Tests -->
  </suite> <!-- FormAutomationSuite -->
</testng-results>
