<?xml version="1.0" encoding="UTF-8"?>
<testng-results ignored="0" total="0" passed="0" failed="0" skipped="0">
  <reporter-output>
  </reporter-output>
  <suite started-at="2025-08-25T15:05:01 IST" name="Default suite" finished-at="2025-08-25T15:05:04 IST" duration-ms="2967">
    <groups>
      <group name="cucumber">
        <method signature="AbstractTestNGCucumberTests.runScenario(io.cucumber.testng.PickleWrapper,io.cucumber.testng.FeatureWrapper)[pri:0, instance:runners.TestRunnerSauce@38e79ae3]" name="runScenario" class="io.cucumber.testng.AbstractTestNGCucumberTests"/>
      </group> <!-- cucumber -->
    </groups>
    <test started-at="2025-08-25T15:05:01 IST" name="Default test" finished-at="2025-08-25T15:05:04 IST" duration-ms="2967">
      <class name="runners.TestRunnerSauce">
        <test-method is-config="true" signature="setUpClass(org.testng.ITestContext)[pri:0, instance:runners.TestRunnerSauce@38e79ae3]" started-at="2025-08-25T15:05:01 IST" name="setUpClass" finished-at="2025-08-25T15:05:02 IST" duration-ms="843" status="PASS">
          <params>
            <param index="0">
              <value>
                <![CDATA[org.testng.TestRunner@5d58c727]]>
              </value>
            </param>
          </params>
          <reporter-output>
          </reporter-output>
        </test-method> <!-- setUpClass -->
        <test-method is-config="true" signature="tearDownClass()[pri:0, instance:runners.TestRunnerSauce@38e79ae3]" started-at="2025-08-25T15:05:02 IST" name="tearDownClass" finished-at="2025-08-25T15:05:04 IST" duration-ms="2056" status="PASS">
          <reporter-output>
          </reporter-output>
        </test-method> <!-- tearDownClass -->
      </class> <!-- runners.TestRunnerSauce -->
    </test> <!-- Default test -->
  </suite> <!-- Default suite -->
</testng-results>
